Starting new HTTPS connection (1): huggingface.co:443
https://huggingface.co:443 "HEAD /aws-ai/pairsupcon-bert-base-uncased/resolve/main/tokenizer_config.json HTTP/1.1" 200 0
Starting new HTTPS connection (1): huggingface.co:443
https://huggingface.co:443 "GET /api/models/aws-ai/pairsupcon-bert-base-uncased HTTP/1.1" 200 730
Starting new HTTPS connection (1): huggingface.co:443
https://huggingface.co:443 "HEAD /aws-ai/pairsupcon-bert-base-uncased/resolve/main/vocab.txt HTTP/1.1" 200 0
Starting new HTTPS connection (1): huggingface.co:443
https://huggingface.co:443 "HEAD /aws-ai/pairsupcon-bert-base-uncased/resolve/main/tokenizer.json HTTP/1.1" 200 0
Starting new HTTPS connection (1): huggingface.co:443
https://huggingface.co:443 "HEAD /aws-ai/pairsupcon-bert-base-uncased/resolve/main/added_tokens.json HTTP/1.1" 404 0
Starting new HTTPS connection (1): huggingface.co:443
https://huggingface.co:443 "HEAD /aws-ai/pairsupcon-bert-base-uncased/resolve/main/special_tokens_map.json HTTP/1.1" 200 0
Starting new HTTPS connection (1): huggingface.co:443
https://huggingface.co:443 "HEAD /aws-ai/pairsupcon-bert-base-uncased/resolve/main/tokenizer_config.json HTTP/1.1" 200 0
Starting new HTTPS connection (1): huggingface.co:443
https://huggingface.co:443 "GET /api/models/aws-ai/pairsupcon-bert-base-uncased HTTP/1.1" 200 730
Starting new HTTPS connection (1): huggingface.co:443
https://huggingface.co:443 "HEAD /aws-ai/pairsupcon-bert-base-uncased/resolve/main/config.json HTTP/1.1" 200 0
Starting new HTTPS connection (1): huggingface.co:443
https://huggingface.co:443 "HEAD /aws-ai/pairsupcon-bert-base-uncased/resolve/main/pytorch_model.bin HTTP/1.1" 302 0
